SF:lib\auth\data\data_sources\auth_local_data_source.dart
DA:23,1
DA:25,1
DA:26,2
DA:31,1
DA:37,1
DA:39,2
DA:40,2
DA:47,1
DA:49,2
DA:54,2
DA:64,1
DA:66,2
LF:12
LH:12
end_of_record
SF:lib\auth\data\data_sources\auth_local_data_source.g.dart
DA:13,0
DA:15,0
DA:17,0
DA:19,0
DA:20,0
DA:23,0
DA:25,0
DA:27,0
DA:28,0
DA:32,1
DA:36,6
LF:11
LH:2
end_of_record
SF:lib\auth\data\models\user_model.dart
DA:5,5
DA:13,3
DA:14,3
DA:15,3
DA:16,3
DA:17,3
DA:18,3
DA:19,3
DA:23,3
DA:24,3
DA:25,3
DA:26,3
DA:27,3
DA:28,3
DA:29,3
DA:33,1
DA:34,1
DA:35,1
DA:36,1
DA:37,3
DA:38,1
DA:39,1
DA:43,1
DA:44,1
DA:45,1
DA:46,1
DA:47,1
DA:48,1
DA:49,1
LF:29
LH:29
end_of_record
SF:lib\core\data\local\local_storage_caller\shared_pref_local_storage_caller.g.dart
DA:13,0
DA:15,0
DA:17,0
DA:19,0
DA:20,0
DA:23,0
DA:25,0
DA:27,0
DA:28,0
DA:32,0
DA:35,0
DA:42,0
DA:46,9
LF:13
LH:1
end_of_record
SF:lib\core\data\local\local_storage_caller\shared_pref_local_storage_caller.dart
DA:8,0
DA:10,0
DA:13,0
DA:15,0
DA:16,0
DA:21,1
DA:36,1
DA:42,1
DA:43,1
DA:44,2
DA:49,1
DA:54,1
DA:55,1
DA:56,2
DA:61,1
DA:63,1
DA:64,1
DA:65,2
DA:70,1
DA:72,1
DA:73,1
DA:74,2
DA:79,1
DA:82,1
DA:83,2
DA:84,1
DA:85,2
DA:86,1
DA:87,2
DA:88,1
DA:89,2
DA:90,1
DA:91,2
DA:95,1
DA:98,1
DA:99,2
DA:100,1
DA:101,2
DA:102,1
DA:103,2
DA:104,1
DA:105,2
DA:106,1
DA:107,2
DA:111,1
DA:113,1
DA:114,1
DA:115,1
LF:48
LH:43
end_of_record
SF:lib\auth\domain\entities\user.dart
DA:10,13
DA:18,4
DA:19,4
DA:20,4
DA:21,4
DA:22,4
DA:23,4
DA:24,4
DA:27,0
DA:34,0
DA:35,0
DA:36,0
DA:37,0
DA:38,0
DA:39,0
LF:15
LH:8
end_of_record
SF:lib\core\data\local\extensions\local_error_extension.dart
DA:4,2
DA:7,2
DA:9,2
LF:3
LH:3
end_of_record
SF:lib\auth\data\data_sources\auth_remote_data_source.g.dart
DA:13,0
DA:15,0
DA:17,0
DA:19,0
DA:20,0
DA:23,0
DA:25,0
DA:27,0
DA:28,0
DA:32,1
DA:36,6
LF:11
LH:2
end_of_record
SF:lib\auth\data\data_sources\auth_remote_data_source.dart
DA:27,1
DA:29,1
DA:31,2
DA:32,2
DA:37,1
DA:49,2
DA:51,1
DA:53,2
DA:54,1
DA:55,1
DA:57,2
DA:60,1
DA:62,2
DA:63,1
DA:66,1
DA:69,3
DA:70,1
DA:71,2
DA:80,1
DA:82,2
DA:83,2
DA:84,1
DA:88,1
DA:90,2
LF:24
LH:24
end_of_record
SF:lib\auth\domain\use_cases\sign_in_with_email_uc.dart
DA:12,1
DA:14,1
DA:16,2
DA:21,1
DA:26,1
DA:28,2
DA:29,2
DA:32,1
DA:33,4
DA:34,4
DA:43,4
DA:48,1
DA:49,1
DA:50,1
DA:51,1
DA:55,1
DA:56,3
LF:17
LH:17
end_of_record
SF:lib\auth\domain\use_cases\sign_in_with_email_uc.g.dart
DA:13,0
DA:15,0
DA:17,0
DA:19,0
DA:20,0
DA:23,0
DA:25,0
DA:27,0
DA:28,0
DA:32,1
DA:35,6
LF:11
LH:2
end_of_record
SF:lib\core\data\network\main_api\api_callers\main_api_auth_caller.g.dart
DA:13,0
DA:15,0
DA:17,0
DA:19,0
DA:20,0
DA:23,0
DA:25,0
DA:27,0
DA:28,0
DA:32,0
DA:35,3
LF:11
LH:1
end_of_record
SF:lib\core\data\network\main_api\api_callers\main_api_auth_caller.dart
DA:12,0
DA:14,0
DA:15,0
DA:20,0
DA:26,0
DA:31,0
DA:32,0
DA:33,0
DA:41,0
DA:43,0
DA:44,0
DA:45,0
DA:58,0
DA:60,0
DA:61,0
DA:62,0
DA:67,0
DA:69,0
DA:70,0
DA:71,0
LF:20
LH:0
end_of_record
SF:lib\core\data\network\main_api\api_callers\main_api_firestore_caller.g.dart
DA:13,0
DA:15,0
DA:17,0
DA:19,0
DA:20,0
DA:23,0
DA:25,0
DA:27,0
DA:28,0
DA:32,0
DA:36,3
LF:11
LH:1
end_of_record
SF:lib\core\data\network\main_api\api_callers\main_api_firestore_caller.dart
DA:11,0
DA:13,0
DA:14,0
DA:19,0
DA:25,0
DA:31,0
DA:32,0
DA:33,0
DA:34,0
DA:39,0
DA:44,0
DA:45,0
DA:46,0
DA:47,0
DA:52,0
DA:54,0
DA:55,0
DA:56,0
DA:57,0
DA:62,0
DA:67,0
DA:68,0
DA:69,0
DA:70,0
DA:75,0
DA:79,0
DA:80,0
DA:81,0
DA:82,0
DA:87,0
DA:92,0
DA:93,0
DA:95,0
DA:97,0
DA:99,0
DA:104,0
DA:108,0
DA:109,0
DA:110,0
DA:114,0
DA:115,0
DA:116,0
DA:119,0
DA:120,0
DA:124,0
DA:126,0
DA:128,0
DA:133,0
DA:138,0
DA:139,0
DA:141,0
DA:143,0
DA:145,0
DA:150,0
DA:154,0
DA:155,0
DA:156,0
DA:157,0
DA:162,0
DA:164,0
DA:165,0
DA:166,0
DA:170,0
DA:172,0
DA:173,0
DA:174,0
LF:66
LH:0
end_of_record
SF:lib\auth\data\repos\auth_repo.g.dart
DA:13,0
DA:15,0
DA:17,0
DA:19,0
DA:20,0
DA:23,0
DA:25,0
DA:27,0
DA:28,0
DA:32,1
DA:35,18
LF:11
LH:2
end_of_record
SF:lib\auth\data\repos\auth_repo.dart
DA:12,1
DA:14,1
DA:15,2
DA:16,2
DA:17,2
DA:22,1
DA:32,1
DA:34,2
DA:38,1
DA:40,2
DA:44,1
DA:46,2
DA:47,2
DA:49,2
DA:53,2
DA:58,1
DA:60,1
DA:61,2
DA:63,2
DA:67,1
DA:69,2
DA:71,2
LF:22
LH:22
end_of_record
SF:lib\core\data\network\network_info.dart
DA:11,6
DA:12,0
DA:13,0
DA:14,0
DA:19,1
DA:24,1
DA:25,2
DA:27,1
DA:29,2
LF:9
LH:6
end_of_record
SF:lib\auth\domain\use_cases\get_user_data_uc.dart
DA:9,1
DA:11,1
DA:12,2
DA:17,1
DA:21,1
DA:23,2
LF:6
LH:6
end_of_record
SF:lib\auth\domain\use_cases\get_user_data_uc.g.dart
DA:13,0
DA:15,0
DA:17,0
DA:19,0
DA:20,0
DA:23,0
DA:25,0
DA:27,0
DA:28,0
DA:32,1
DA:35,9
LF:11
LH:2
end_of_record
SF:lib\core\presentation\services\fcm_service\fcm_provider.g.dart
DA:13,0
DA:15,0
DA:17,0
DA:19,0
DA:20,0
DA:23,0
DA:25,0
DA:27,0
DA:28,0
DA:32,0
DA:35,6
DA:42,0
DA:45,0
DA:52,0
DA:56,0
DA:57,0
DA:66,0
DA:70,0
DA:78,0
DA:81,0
LF:20
LH:1
end_of_record
SF:lib\core\presentation\services\fcm_service\fcm_provider.dart
DA:8,0
DA:10,0
DA:20,0
DA:22,0
DA:23,0
DA:27,0
DA:28,0
DA:31,0
DA:37,0
DA:46,0
DA:49,0
DA:54,0
DA:56,0
DA:58,0
DA:61,0
DA:67,0
LF:16
LH:0
end_of_record
SF:lib\core\data\network\data_connection_checker.dart
DA:54,0
DA:55,0
DA:56,0
DA:57,0
DA:58,0
DA:63,0
DA:64,0
DA:69,0
DA:70,0
DA:75,0
DA:76,0
DA:81,0
DA:82,0
DA:87,0
DA:88,0
DA:112,0
DA:114,0
DA:120,0
DA:121,0
DA:124,0
DA:125,0
DA:126,0
DA:130,0
DA:134,0
DA:139,0
DA:140,0
DA:141,0
DA:142,0
DA:144,0
DA:145,0
DA:147,0
DA:148,0
DA:156,0
DA:157,0
DA:158,0
DA:160,0
DA:161,0
DA:162,0
DA:163,0
DA:164,0
DA:165,0
DA:166,0
DA:167,0
DA:168,0
DA:175,0
DA:183,0
DA:184,0
DA:202,0
DA:204,0
DA:205,0
DA:207,0
DA:211,0
DA:212,0
DA:216,0
DA:217,0
DA:220,0
DA:285,0
DA:288,0
DA:291,0
DA:305,0
DA:311,0
DA:312,0
DA:321,0
DA:326,0
DA:327,0
LF:65
LH:0
end_of_record
SF:lib\core\data\network\main_api\extensions\firebase_error_extension.dart
DA:7,0
DA:10,0
DA:11,0
DA:13,0
DA:14,0
DA:16,0
DA:17,0
DA:21,0
DA:23,0
DA:30,0
DA:31,0
DA:32,0
DA:33,0
DA:35,0
DA:37,0
DA:38,0
DA:40,0
DA:42,0
DA:43,0
DA:45,0
DA:47,0
DA:48,0
DA:50,0
DA:53,0
DA:55,0
LF:25
LH:0
end_of_record
SF:lib\core\presentation\services\local_notfication_service\flutter_local_notifications_provider.g.dart
DA:13,0
DA:15,0
DA:17,0
DA:19,0
DA:20,0
DA:23,0
DA:25,0
DA:27,0
DA:28,0
DA:32,0
DA:36,0
DA:37,0
DA:46,0
DA:50,0
DA:51,0
LF:15
LH:0
end_of_record
SF:lib\core\presentation\services\local_notfication_service\flutter_local_notifications_provider.dart
DA:11,0
DA:14,0
DA:15,0
DA:18,0
DA:22,0
DA:25,0
DA:38,0
DA:40,0
DA:42,0
DA:43,0
DA:44,0
DA:45,0
DA:46,0
LF:13
LH:0
end_of_record
SF:lib\features\notifications\data\models\app_notification_model.dart
DA:6,0
DA:12,0
DA:13,0
DA:14,0
DA:15,0
DA:16,0
DA:20,0
DA:21,0
DA:22,0
DA:23,0
DA:24,0
DA:28,0
DA:29,0
DA:32,0
DA:33,0
LF:15
LH:0
end_of_record
SF:lib\features\notifications\presentation\providers\tapped_notification_provider.dart
DA:5,0
DA:6,0
LF:2
LH:0
end_of_record
SF:lib\core\presentation\utils\functional.dart
DA:14,0
LF:1
LH:0
end_of_record
SF:lib\features\notifications\domain\entities\app_notification.dart
DA:8,0
DA:14,0
DA:15,0
LF:3
LH:0
end_of_record
SF:lib\auth\domain\use_cases\check_auth_uc.dart
DA:11,1
DA:13,1
DA:15,2
DA:20,1
DA:25,1
DA:27,2
DA:28,1
DA:31,1
DA:33,4
DA:36,4
LF:10
LH:10
end_of_record
SF:lib\auth\domain\use_cases\check_auth_uc.g.dart
DA:13,0
DA:15,0
DA:17,0
DA:19,0
DA:20,0
DA:23,0
DA:25,0
DA:27,0
DA:28,0
DA:32,1
DA:35,6
LF:11
LH:2
end_of_record
SF:lib\auth\domain\use_cases\sign_out_uc.dart
DA:9,1
DA:11,1
DA:13,2
DA:18,1
DA:23,1
DA:25,2
DA:26,4
LF:7
LH:7
end_of_record
SF:lib\auth\domain\use_cases\sign_out_uc.g.dart
DA:13,0
DA:15,0
DA:17,0
DA:19,0
DA:20,0
DA:23,0
DA:25,0
DA:27,0
DA:28,0
DA:32,1
DA:35,9
LF:11
LH:2
end_of_record
SF:lib\auth\domain\use_cases\set_user_data_uc.dart
DA:12,1
DA:14,1
DA:16,2
DA:21,1
DA:26,1
DA:28,2
LF:6
LH:6
end_of_record
SF:lib\auth\domain\use_cases\set_user_data_uc.g.dart
DA:13,0
DA:15,0
DA:17,0
DA:19,0
DA:20,0
DA:23,0
DA:25,0
DA:27,0
DA:28,0
DA:32,1
DA:35,3
LF:11
LH:2
end_of_record
SF:lib\auth\presentation\providers\auth_state_provider.dart
DA:14,4
DA:19,4
DA:20,20
DA:21,4
DA:24,2
DA:25,2
DA:27,3
DA:28,3
LF:8
LH:8
end_of_record
SF:lib\auth\presentation\providers\auth_state_provider.g.dart
DA:13,0
DA:15,0
DA:17,0
DA:19,0
DA:20,0
DA:23,0
DA:25,0
DA:27,0
DA:28,0
DA:32,4
DA:36,8
DA:37,4
LF:12
LH:3
end_of_record
SF:lib\auth\presentation\providers\user_provider.g.dart
DA:13,0
DA:15,0
DA:17,0
DA:19,0
DA:20,0
DA:23,0
DA:25,0
DA:27,0
DA:28,0
DA:32,4
DA:35,12
DA:49,0
DA:52,0
LF:13
LH:2
end_of_record
SF:lib\auth\presentation\providers\user_provider.dart
DA:7,0
DA:9,0
DA:10,0
DA:11,0
DA:17,4
DA:22,4
DA:23,8
DA:26,0
DA:27,0
DA:28,0
DA:29,0
LF:11
LH:3
end_of_record
SF:lib\auth\presentation\providers\sign_in_provider.g.dart
DA:13,0
DA:15,1
DA:17,2
DA:19,4
DA:20,2
DA:23,1
DA:25,4
DA:27,2
DA:28,4
DA:32,1
DA:35,3
DA:42,1
DA:46,1
DA:48,1
DA:49,2
DA:53,1
DA:63,1
DA:65,4
DA:68,1
DA:70,3
DA:71,3
DA:73,1
DA:80,3
DA:83,1
DA:85,1
DA:88,1
DA:93,0
DA:97,0
DA:98,0
DA:102,0
DA:105,0
DA:108,0
LF:32
LH:25
end_of_record
SF:lib\auth\presentation\providers\sign_in_provider.dart
DA:12,1
DA:14,2
DA:15,1
DA:18,0
DA:19,1
DA:20,1
DA:22,3
DA:23,2
DA:29,2
DA:30,1
DA:31,1
DA:32,1
DA:34,3
DA:35,3
DA:40,2
DA:41,2
DA:45,1
DA:50,3
LF:18
LH:17
end_of_record
SF:lib\auth\presentation\providers\sign_out_provider.g.dart
DA:13,0
DA:15,0
DA:17,0
DA:19,0
DA:20,0
DA:23,0
DA:25,0
DA:27,0
DA:28,0
DA:32,1
DA:35,3
DA:42,1
DA:45,3
LF:13
LH:4
end_of_record
SF:lib\auth\presentation\providers\sign_out_provider.dart
DA:13,1
DA:15,2
DA:16,1
DA:17,3
DA:18,1
DA:19,1
DA:20,4
DA:26,2
DA:27,4
DA:32,4
DA:34,1
DA:36,3
LF:12
LH:12
end_of_record
SF:lib\core\core_features\locale\data\data_sources\locale_local_data_source.dart
DA:14,1
DA:16,1
DA:17,2
DA:22,1
DA:28,1
DA:30,2
DA:44,1
DA:46,2
LF:8
LH:8
end_of_record
SF:lib\core\core_features\locale\data\data_sources\locale_local_data_source.g.dart
DA:13,0
DA:15,0
DA:17,0
DA:19,0
DA:20,0
DA:23,0
DA:25,0
DA:27,0
DA:28,0
DA:32,1
DA:36,6
LF:11
LH:2
end_of_record
SF:lib\core\core_features\locale\data\repos\locale_repo.dart
DA:7,1
DA:9,1
DA:10,2
DA:15,1
DA:19,1
DA:21,2
DA:25,1
DA:27,2
LF:8
LH:8
end_of_record
SF:lib\core\core_features\locale\data\repos\locale_repo.g.dart
DA:13,0
DA:15,0
DA:17,0
DA:19,0
DA:20,0
DA:23,0
DA:25,0
DA:27,0
DA:28,0
DA:32,1
DA:35,9
LF:11
LH:2
end_of_record
SF:lib\core\core_features\locale\domain\use_cases\get_app_locale_uc.dart
DA:8,1
DA:10,1
DA:11,2
DA:16,1
DA:20,1
DA:22,2
LF:6
LH:6
end_of_record
SF:lib\core\core_features\locale\domain\use_cases\get_app_locale_uc.g.dart
DA:13,0
DA:15,0
DA:17,0
DA:19,0
DA:20,0
DA:23,0
DA:25,0
DA:27,0
DA:28,0
DA:32,1
DA:35,6
LF:11
LH:2
end_of_record
SF:lib\core\core_features\locale\domain\use_cases\set_app_locale_uc.dart
DA:8,1
DA:10,1
DA:11,2
DA:16,1
DA:20,1
DA:22,2
LF:6
LH:6
end_of_record
SF:lib\core\core_features\locale\domain\use_cases\set_app_locale_uc.g.dart
DA:13,0
DA:15,0
DA:17,0
DA:19,0
DA:20,0
DA:23,0
DA:25,0
DA:27,0
DA:28,0
DA:32,1
DA:35,6
LF:11
LH:2
end_of_record
SF:lib\core\core_features\locale\presentation\utils\app_locale.dart
DA:16,0
DA:18,0
DA:19,0
DA:20,0
DA:21,0
LF:5
LH:0
end_of_record
SF:lib\core\core_features\locale\presentation\providers\app_locale_provider.g.dart
DA:13,0
DA:15,0
DA:17,0
DA:19,0
DA:20,0
DA:23,0
DA:25,0
DA:27,0
DA:28,0
DA:32,1
DA:36,2
DA:37,1
LF:12
LH:3
end_of_record
SF:lib\core\core_features\locale\presentation\providers\app_locale_provider.dart
DA:11,1
DA:13,4
DA:14,4
DA:15,1
DA:16,1
DA:22,1
DA:23,2
DA:24,4
DA:27,1
DA:29,3
DA:32,1
DA:33,2
DA:34,3
LF:13
LH:13
end_of_record
SF:lib\core\presentation\helpers\localization_helper.dart
DA:5,0
DA:6,0
DA:9,1
DA:10,1
LF:4
LH:2
end_of_record
SF:lib\core\core_features\theme\data\data_sources\theme_local_data_source.dart
DA:14,1
DA:16,1
DA:17,2
DA:22,1
DA:28,1
DA:30,2
DA:44,1
DA:46,2
LF:8
LH:8
end_of_record
SF:lib\core\core_features\theme\data\data_sources\theme_local_data_source.g.dart
DA:13,0
DA:15,0
DA:17,0
DA:19,0
DA:20,0
DA:23,0
DA:25,0
DA:27,0
DA:28,0
DA:32,1
DA:36,6
LF:11
LH:2
end_of_record
SF:lib\core\core_features\theme\data\repos\theme_repo.dart
DA:7,1
DA:9,1
DA:10,2
DA:15,1
DA:19,1
DA:21,2
DA:25,1
DA:27,2
LF:8
LH:8
end_of_record
SF:lib\core\core_features\theme\data\repos\theme_repo.g.dart
DA:13,0
DA:15,0
DA:17,0
DA:19,0
DA:20,0
DA:23,0
DA:25,0
DA:27,0
DA:28,0
DA:32,1
DA:35,9
LF:11
LH:2
end_of_record
SF:lib\core\core_features\theme\domain\use_cases\get_app_theme_uc.dart
DA:8,1
DA:10,1
DA:11,2
DA:16,1
DA:20,1
DA:22,2
LF:6
LH:6
end_of_record
SF:lib\core\core_features\theme\domain\use_cases\get_app_theme_uc.g.dart
DA:13,0
DA:15,0
DA:17,0
DA:19,0
DA:20,0
DA:23,0
DA:25,0
DA:27,0
DA:28,0
DA:32,1
DA:35,6
LF:11
LH:2
end_of_record
SF:lib\core\core_features\theme\domain\use_cases\set_app_theme_uc.g.dart
DA:13,0
DA:15,0
DA:17,0
DA:19,0
DA:20,0
DA:23,0
DA:25,0
DA:27,0
DA:28,0
DA:32,1
DA:35,6
LF:11
LH:2
end_of_record
SF:lib\core\core_features\theme\domain\use_cases\set_app_theme_uc.dart
DA:8,1
DA:10,1
DA:11,2
DA:16,1
DA:20,1
DA:22,2
LF:6
LH:6
end_of_record
SF:lib\core\core_features\theme\presentation\utils\app_theme.dart
DA:12,0
DA:14,0
DA:15,0
DA:16,0
DA:17,0
DA:18,0
DA:19,0
DA:23,0
DA:25,0
DA:27,0
LF:10
LH:0
end_of_record
SF:lib\core\core_features\theme\presentation\providers\app_theme_provider.dart
DA:10,1
DA:12,4
DA:13,4
DA:14,1
DA:20,1
DA:21,2
DA:22,1
DA:25,1
DA:26,2
DA:27,3
LF:10
LH:10
end_of_record
SF:lib\core\core_features\theme\presentation\providers\app_theme_provider.g.dart
DA:13,0
DA:15,0
DA:17,0
DA:19,0
DA:20,0
DA:23,0
DA:25,0
DA:27,0
DA:28,0
DA:32,1
DA:36,2
DA:37,1
LF:12
LH:3
end_of_record
SF:lib\core\core_features\theme\presentation\utils\themes\i_theme.dart
DA:40,0
DA:41,0
DA:42,0
DA:43,0
DA:44,0
DA:45,0
DA:46,0
DA:47,0
DA:48,0
DA:49,0
DA:50,0
DA:51,0
DA:52,0
DA:53,0
DA:54,0
DA:55,0
DA:56,0
LF:17
LH:0
end_of_record
SF:lib\core\core_features\theme\presentation\utils\colors\custom_colors.dart
DA:3,0
DA:4,0
DA:8,0
DA:40,0
DA:58,0
DA:59,0
DA:60,0
DA:61,0
DA:62,0
DA:63,0
DA:64,0
DA:65,0
DA:66,0
DA:67,0
DA:68,0
DA:69,0
DA:70,0
DA:71,0
DA:73,0
DA:78,0
DA:80,0
DA:83,0
DA:84,0
DA:85,0
DA:86,0
DA:87,0
DA:88,0
DA:89,0
DA:90,0
DA:91,0
DA:92,0
DA:93,0
DA:94,0
DA:95,0
DA:96,0
DA:98,0
DA:104,0
DA:105,0
DA:106,0
DA:107,0
DA:108,0
DA:109,0
DA:110,0
DA:111,0
LF:44
LH:0
end_of_record
SF:lib\core\data\network\google_map_api\api_callers\google_map_api_caller.dart
DA:9,0
DA:11,0
DA:12,0
DA:17,1
DA:21,1
DA:28,1
DA:29,1
DA:30,2
DA:41,1
DA:49,1
DA:50,1
DA:51,2
DA:62,1
DA:69,1
DA:70,1
DA:71,2
DA:81,1
DA:88,1
DA:89,1
DA:90,2
DA:100,1
DA:107,1
DA:108,1
DA:109,2
DA:119,1
DA:121,1
DA:122,1
DA:123,1
LF:28
LH:25
end_of_record
SF:lib\core\data\network\google_map_api\api_callers\google_map_api_caller.g.dart
DA:13,0
DA:15,0
DA:17,0
DA:19,0
DA:20,0
DA:23,0
DA:25,0
DA:27,0
DA:28,0
DA:32,0
DA:36,0
LF:11
LH:0
end_of_record
SF:lib\core\data\network\google_map_api\extensions\google_map_error_extension.dart
DA:7,2
DA:10,2
DA:11,2
DA:14,1
DA:16,1
DA:22,2
DA:23,3
DA:25,2
DA:26,2
DA:30,2
DA:31,1
DA:33,1
DA:36,2
DA:37,1
DA:39,1
DA:42,2
DA:43,1
DA:45,1
DA:48,2
DA:49,2
DA:50,2
DA:51,1
DA:53,1
DA:56,2
DA:57,1
DA:59,1
DA:62,2
DA:63,2
DA:64,1
DA:66,1
DA:69,2
DA:70,1
DA:72,1
DA:76,2
DA:78,2
DA:83,1
DA:84,1
DA:85,1
DA:86,1
DA:88,1
DA:92,1
DA:93,1
DA:94,2
DA:95,0
DA:97,0
DA:101,1
DA:103,1
LF:47
LH:45
end_of_record
SF:lib\core\data\network\google_map_api\api_callers\google_map_dio_providers.g.dart
DA:13,0
DA:15,0
DA:17,0
DA:19,0
DA:20,0
DA:23,0
DA:25,0
DA:27,0
DA:28,0
DA:32,0
DA:35,0
LF:11
LH:0
end_of_record
SF:lib\core\data\network\google_map_api\api_callers\google_map_dio_providers.dart
DA:15,0
DA:17,0
DA:18,0
DA:23,0
DA:25,0
DA:26,0
DA:27,0
DA:28,0
DA:29,0
LF:9
LH:0
end_of_record
SF:lib\core\data\network\google_map_api\google_map_api_config.dart
DA:15,0
DA:16,0
LF:2
LH:0
end_of_record
SF:lib\core\data\network\google_map_api\interceptors\api_key_interceptor.dart
DA:5,0
DA:7,0
DA:8,0
DA:9,0
LF:4
LH:0
end_of_record
SF:lib\core\data\network\google_map_api\interceptors\content_type_interceptor.dart
DA:5,1
DA:7,2
DA:8,2
DA:11,2
DA:15,1
LF:5
LH:5
end_of_record
SF:lib\core\data\network\google_map_api\interceptors\error_interceptor.dart
DA:6,1
DA:8,3
DA:9,1
DA:10,2
DA:11,1
DA:12,3
DA:15,3
DA:18,1
DA:20,1
LF:9
LH:9
end_of_record
SF:lib\core\data\network\google_map_api\interceptors\logging_interceptor.dart
DA:6,1
DA:8,5
DA:9,1
DA:12,0
DA:13,0
DA:16,1
DA:18,6
DA:19,1
DA:22,1
DA:24,6
DA:25,1
LF:11
LH:9
end_of_record
SF:lib\core\data\network\google_map_api\interceptors\session_token_interceptor.g.dart
DA:13,0
DA:15,0
DA:17,0
DA:19,0
DA:20,0
DA:23,0
DA:25,0
DA:27,0
DA:28,0
DA:32,0
DA:36,0
LF:11
LH:0
end_of_record
SF:lib\core\data\network\google_map_api\interceptors\session_token_interceptor.dart
DA:8,0
DA:11,0
DA:15,0
DA:19,0
DA:22,0
DA:24,0
DA:25,0
DA:27,0
LF:8
LH:0
end_of_record
SF:lib\features\map\presentation\providers\session_token_provider.dart
DA:8,0
DA:9,0
LF:2
LH:0
end_of_record
SF:lib\core\presentation\extensions\responsive_extension.dart
DA:5,4
DA:8,1
DA:9,3
DA:11,1
DA:12,3
DA:14,1
DA:15,3
DA:17,1
DA:18,3
LF:9
LH:9
end_of_record
SF:lib\core\presentation\services\locator_service.dart
DA:4,3
DA:6,0
DA:7,0
LF:3
LH:1
end_of_record
SF:lib\core\presentation\services\responsive_service.dart
DA:7,1
DA:13,1
DA:14,0
DA:28,1
DA:29,3
DA:31,1
DA:32,3
DA:42,1
DA:43,4
DA:45,1
DA:46,4
DA:52,3
DA:54,3
DA:58,3
DA:63,3
DA:65,1
DA:66,2
DA:70,1
DA:71,3
DA:73,1
DA:74,2
DA:76,1
DA:77,2
DA:79,1
DA:80,2
DA:82,1
DA:83,4
DA:85,1
DA:86,1
DA:87,3
DA:88,1
DA:89,3
DA:92,1
DA:93,2
DA:95,1
DA:96,2
LF:36
LH:35
end_of_record
SF:lib\core\presentation\extensions\app_error_extension.dart
DA:6,1
DA:8,1
DA:9,1
DA:10,2
DA:12,3
DA:15,0
DA:20,1
DA:21,1
DA:22,1
DA:23,2
DA:24,1
DA:25,1
DA:26,1
DA:27,2
DA:28,1
DA:29,2
DA:30,1
DA:31,2
DA:32,1
DA:33,2
DA:34,1
DA:35,2
DA:36,1
DA:37,2
DA:38,1
DA:39,2
DA:40,1
DA:41,2
DA:42,1
DA:43,2
DA:44,1
DA:45,2
DA:46,1
DA:47,2
DA:48,1
DA:49,2
LF:36
LH:35
end_of_record
SF:lib\core\presentation\helpers\platform_helper.dart
DA:4,1
DA:5,2
DA:6,2
LF:3
LH:3
end_of_record
SF:lib\core\presentation\routing\navigator_route_observer.dart
DA:13,1
DA:20,1
DA:32,3
DA:34,1
DA:36,2
DA:37,2
DA:38,1
DA:39,3
DA:40,2
DA:41,1
DA:44,1
DA:46,2
DA:47,2
DA:48,1
DA:49,3
DA:50,2
DA:51,1
DA:54,1
DA:56,2
DA:57,2
DA:58,2
DA:59,2
DA:61,1
DA:62,3
DA:63,2
DA:64,1
DA:67,1
DA:69,2
DA:70,2
DA:72,3
DA:73,2
DA:74,1
DA:90,1
DA:91,1
DA:92,0
DA:96,1
DA:97,1
DA:99,0
DA:100,0
LF:39
LH:36
end_of_record
SF:lib\core\presentation\providers\splash_provider.g.dart
DA:13,0
DA:15,0
DA:17,0
DA:19,0
DA:20,0
DA:23,0
DA:25,0
DA:27,0
DA:28,0
DA:32,1
DA:35,3
DA:42,1
DA:45,3
LF:13
LH:4
end_of_record
SF:lib\core\presentation\providers\splash_provider.dart
DA:11,1
DA:13,1
DA:15,3
DA:17,3
DA:23,1
DA:26,3
DA:27,4
LF:7
LH:7
end_of_record
